Arguments: 
  C:\Program Files\nodejs\node.exe C:\Users\Youcode\AppData\Roaming\npm\node_modules\yarn\bin\yarn.js add graphql graphql-relay

PATH: 
  C:\Program Files\Common Files\Oracle\Java\javapath;C:\Program Files (x86)\Razer Chroma SDK\bin;C:\Program Files\Razer Chroma SDK\bin;C:\Program Files (x86)\Razer\ChromaBroadcast\bin;C:\Program Files\Razer\ChromaBroadcast\bin;C:\Windows\system32;C:\Windows;C:\Windows\System32\Wbem;C:\Windows\System32\WindowsPowerShell\v1.0\;C:\Windows\System32\OpenSSH\;C:\Program Files (x86)\Intel\Intel(R) Management Engine Components\DAL;C:\Program Files\Intel\Intel(R) Management Engine Components\DAL;C:\Program Files\Git\cmd;C:\MinGW\bin;C:\Windows\system32\config\systemprofile\AppData\Local\Microsoft\WindowsApps;C:\Program Files\dotnet\;C:\ProgramData\ComposerSetup\bin;C:\Program Files\nodejs\;C:\Program Files (x86)\Pulse Secure\VC142.CRT\X64\;C:\Program Files (x86)\Pulse Secure\VC142.CRT\X86\;C:\Program Files\Java\jdk-18.0.1.1\bin;C:\Program Files\Docker\Docker\resources\bin;";C:\Program Files\PostgreSQL\15\bin ;C:\Program Files\PostgreSQL\15\lib";C:\Users\Youcode\AppData\Local\Programs\Python\Python310\Scripts\;C:\Users\Youcode\AppData\Local\Programs\Python\Python310\;C:\Users\Youcode\AppData\Local\Microsoft\WindowsApps;C:\Users\Youcode\AppData\Local\Programs\Microsoft VS Code\bin;C:\MinGW\bin;C:\xampp\php;C:\Users\Youcode\AppData\Roaming\Composer\vendor\bin;C:\Users\Youcode\AppData\Roaming\npm;C:\Program Files\JetBrains\PyCharm Community Edition 2022.1.1\bin;;C:\MinGW\bin;";C:\Program Files\PostgreSQL\15\bin ;C:\Program Files\PostgreSQL\15\lib";

Yarn version: 
  1.22.19

Node version: 
  18.1.0

Platform: 
  win32 x64

Trace: 
  Error: https://registry.yarnpkg.com/graphql-relay-js: Not found
      at params.callback [as _callback] (C:\Users\Youcode\AppData\Roaming\npm\node_modules\yarn\lib\cli.js:66145:18)
      at self.callback (C:\Users\Youcode\AppData\Roaming\npm\node_modules\yarn\lib\cli.js:140890:22)
      at Request.emit (node:events:527:28)
      at Request.<anonymous> (C:\Users\Youcode\AppData\Roaming\npm\node_modules\yarn\lib\cli.js:141862:10)
      at Request.emit (node:events:527:28)
      at IncomingMessage.<anonymous> (C:\Users\Youcode\AppData\Roaming\npm\node_modules\yarn\lib\cli.js:141784:12)
      at Object.onceWrapper (node:events:641:28)
      at IncomingMessage.emit (node:events:539:35)
      at endReadableNT (node:internal/streams/readable:1344:12)
      at process.processTicksAndRejections (node:internal/process/task_queues:82:21)

npm manifest: 
  {
    "name": "Back-end",
    "version": "1.0.0",
    "main": "index.js",
    "license": "MIT",
    "scripts": {
      "test": "jest",
      "start:prod": "NODE_ENV=production node server.js",
      "start:dev": "nodemon server.js"
    },
    "dependencies": {
      "apollo-server-express": "^3.11.1",
      "bcryptjs": "^2.4.3",
      "cookie-parser": "^1.4.6",
      "cors": "^2.8.5",
      "dotenv": "^16.0.3",
      "express": "^4.18.2",
      "graphql-relay-js": "^0.10.0",
      "jsonwebtoken": "^8.5.1",
      "local-storage": "^2.0.0",
      "nodemailer": "^6.8.0",
      "pg": "^8.8.0",
      "pg-hstore": "^2.3.4",
      "sequelize": "^6.26.0"
    },
    "devDependencies": {
      "jest": "^29.3.1",
      "nodemon": "^2.0.20",
      "supertest": "^6.3.1"
    }
  }

yarn manifest: 
  No manifest

Lockfile: 
  No lockfile
